<?xml version="1.0" encoding="UTF-8"?>
<testsuite xmlns:xsi="http://www.w3.org/2001/XMLSchema-instance" xsi:noNamespaceSchemaLocation="https://maven.apache.org/surefire/maven-surefire-plugin/xsd/surefire-test-report-3.0.xsd" version="3.0" name="Courier.CourierAuthorizationTest" time="71.727" tests="6" errors="0" skipped="0" failures="0">
  <properties>
[...]
</properties>
  <testcase name="courierAuthorizationWithoutPassword" classname="Courier.CourierAuthorizationTest" time="63.011">
    <system-err><![CDATA[SLF4J: Failed to load class "org.slf4j.impl.StaticLoggerBinder".
SLF4J: Defaulting to no-operation (NOP) logger implementation
SLF4J: See http://www.slf4j.org/codes.html#StaticLoggerBinder for further details.
]]></system-err>
  </testcase>
  <testcase name="courierAuthorizationNoValidData(String, String)[1]" classname="Courier.CourierAuthorizationTest" time="1.748"/>
  <testcase name="courierAuthorizationNoValidData(String, String)[2]" classname="Courier.CourierAuthorizationTest" time="2.02"/>
  <testcase name="courierAuthorizationNoValidData(String, String)[3]" classname="Courier.CourierAuthorizationTest" time="0.639"/>
  <testcase name="courierAuthorizationWithoutLogin" classname="Courier.CourierAuthorizationTest" time="0.599"/>
  <testcase name="courierAuthorizationSuccessTest" classname="Courier.CourierAuthorizationTest" time="2.642"/>
</testsuite>